<?xml version="1.0" encoding="UTF-8"?>
<!-- Generated by org.testng.reporters.JUnitReportReporter -->
<testsuite skipped="0" hostname="6VONETUM41T5TPY" name="com.testingshastra.Tests.TestCourseTab" tests="1" failures="0" timestamp="11 May 2020 08:31:26 GMT" time="90.640" errors="0">
  <testcase name="checkCourseTab" time="90.640" classname="com.testingshastra.Tests.TestCourseTab"/>
</testsuite> <!-- com.testingshastra.Tests.TestCourseTab -->
